This is pdfTeX, Version 3.1415926-1.40.10 (TeX Live 2009/Debian) (format=pdflatex 2010.10.12)  1 DEC 2010 00:55
entering extended mode
 restricted \write18 enabled.
 %&-line parsing enabled.
**q
(/usr/share/texmf-texlive/tex/latex/tools/q.tex
LaTeX2e <2009/09/24>
Babel <v3.8l> and hyphenation patterns for english, usenglishmax, dumylang, noh
yphenation, loaded.
File ignored
)
! Emergency stop.
<*> q
     
*** (job aborted, no legal \end found)

 
Here is how much of TeX's memory you used:
 6 strings out of 495061
 230 string characters out of 1182620
 45108 words of memory out of 3000000
 3282 multiletter control sequences out of 15000+50000
 3640 words of font info for 14 fonts, out of 3000000 for 9000
 28 hyphenation exceptions out of 8191
 5i,0n,1p,81b,8s stack positions out of 5000i,500n,10000p,200000b,50000s
!  ==> Fatal error occurred, no output PDF file produced!
